mktextfm FandolSong/OT
mktextfm FandolSong/OT
mktextfm FandolKai/OT
mktextfm FandolKai/B/OT
mktextfm FandolSong-Bold/OT
mktextfm FandolSong-Bold/I/OT
mktextfm FandolSong/OT
mktextfm FandolSong/BI/OT
mktextfm FandolSong/OT
mktextfm FandolSong/OT
mktextfm FandolSong-Bold/OT
mktextfm FandolSong-Bold/OT
mktextfm FandolKai/OT
mktextfm FandolKai/OT
mktextfm FandolHei/OT
mktextfm FandolHei/OT
mktextfm FandolHei-Bold/OT
mktextfm FandolHei-Bold/I/OT
mktextfm FandolHei/OT
mktextfm FandolHei/BI/OT
mktextfm FandolHei/OT
mktextfm FandolHei/I/OT
mktextfm FandolHei/OT
mktextfm FandolHei/OT
mktextfm FandolHei-Bold/OT
mktextfm FandolHei-Bold/OT
mktextfm FandolHei-Bold/OT
mktextfm FandolHei-Bold/OT
mktextfm FandolSong-Bold/OT
mktextfm FandolHei-Bold/OT
mktextfm FandolSong/OT
mktextfm FandolSong-Bold/OT
mktextfm FandolSong/OT
mktextfm FandolHei/OT
mktextfm FandolSong-Bold/OT
mktextfm FandolSong/OT
mktextfm FandolSong-Bold/OT
mktextfm FandolKai/OT
mktextfm FandolFang/OT
mktextfm FandolFang/OT
mktextfm FandolFang/OT
mktextfm FandolFang/BI/OT
mktextfm FandolFang/OT
mktextfm FandolFang/B/OT
mktextfm FandolFang/OT
mktextfm FandolFang/I/OT
mktextfm FandolFang/OT
mktextfm FandolFang/OT
mktextfm FandolSong/OT
mktextfm FandolSong/OT
mktextfm FandolSong-Bold/OT
mktextfm FandolSong/OT
mktextfm FandolSong/OT
mktextfm FandolSong/OT
mktextfm FandolKai/OT
mktextfm FandolKai/B/OT
mktextfm FandolSong-Bold/OT
mktextfm FandolSong-Bold/I/OT
mktextfm FandolSong/OT
mktextfm FandolSong/BI/OT
mktextfm FandolSong/OT
mktextfm FandolSong/OT
mktextfm FandolSong-Bold/OT
mktextfm FandolSong-Bold/OT
mktextfm FandolKai/OT
mktextfm FandolKai/OT
mktextfm FandolHei/OT
mktextfm FandolHei/OT
mktextfm FandolHei-Bold/OT
mktextfm FandolHei-Bold/I/OT
mktextfm FandolHei/OT
mktextfm FandolHei/BI/OT
mktextfm FandolHei/OT
mktextfm FandolHei/I/OT
mktextfm FandolHei/OT
mktextfm FandolHei/OT
mktextfm FandolHei-Bold/OT
mktextfm FandolHei-Bold/OT
mktextfm FandolHei-Bold/OT
mktextfm FandolHei-Bold/OT
mktextfm FandolHei-Bold/OT
mktextfm FandolHei/OT
mktextfm FandolHei/OT
mktextfm FandolFang/OT
mktextfm FandolFang/OT
mktextfm FandolFang/OT
mktextfm FandolFang/BI/OT
mktextfm FandolFang/OT
mktextfm FandolFang/B/OT
mktextfm FandolFang/OT
mktextfm FandolFang/I/OT
mktextfm FandolFang/OT
mktextfm FandolFang/OT
