\BOOKMARK [0][-]{section*.2}{\376\377\144\130\211\201}{}% 1
\BOOKMARK [0][-]{section*.4}{Abstract}{}% 2
\BOOKMARK [0][-]{section*.5}{\376\377\166\356\000\040\137\125}{}% 3
\BOOKMARK [0][-]{section*.7}{\376\377\126\376\210\150\166\356\137\125}{}% 4
\BOOKMARK [0][-]{chapter.1}{\376\377\173\054\0001\172\340\000\040\000\040\176\352\213\272}{}% 5
\BOOKMARK [1][-]{section.1.1}{\376\377\0001\000.\0001\000\040\170\024\172\166\200\314\146\157}{chapter.1}% 6
\BOOKMARK [1][-]{section.1.2}{\376\377\0001\000.\0002\000\040\225\356\230\230\122\006\147\220}{chapter.1}% 7
\BOOKMARK [1][-]{section.1.3}{\376\377\0001\000.\0003\000\040\170\024\172\166\135\345\117\134}{chapter.1}% 8
\BOOKMARK [1][-]{section.1.4}{\376\377\0001\000.\0004\000\040\213\272\145\207\176\304\176\307}{chapter.1}% 9
\BOOKMARK [0][-]{chapter.2}{\376\377\173\054\0002\172\340\000\040\000\040\166\370\121\163\142\200\147\057\116\016\170\024\172\166\163\260\162\266}{}% 10
\BOOKMARK [1][-]{section.2.1}{\376\377\0002\000.\0001\000\040\137\256\147\015\122\241\145\105\226\234\213\312\145\255\151\202\217\360}{chapter.2}% 11
\BOOKMARK [1][-]{section.2.2}{\376\377\0002\000.\0002\000\040\131\047\213\355\212\000\152\041\127\213\116\016\146\172\200\375\117\123\136\224\165\050\137\000\123\321\150\106\147\266}{chapter.2}% 12
\BOOKMARK [1][-]{section.2.3}{\376\377\0002\000.\0003\000\040\117\040\176\337\137\256\147\015\122\241\145\105\226\234\213\312\145\255\145\271\154\325}{chapter.2}% 13
\BOOKMARK [2][-]{subsection.2.3.1}{\376\377\0002\000.\0003\000.\0001\000\040\126\340\147\234\143\250\145\255\145\271\154\325}{section.2.3}% 14
\BOOKMARK [2][-]{subsection.2.3.2}{\376\377\0002\000.\0003\000.\0002\000\040\162\171\137\201\133\146\116\140\145\271\154\325}{section.2.3}% 15
\BOOKMARK [1][-]{section.2.4}{\376\377\0002\000.\0004\000\040\131\047\213\355\212\000\152\041\127\213\232\161\122\250\166\204\150\071\126\340\133\232\117\115\145\271\154\325}{chapter.2}% 16
\BOOKMARK [2][-]{subsection.2.4.1}{\376\377\0002\000.\0004\000.\0001\000\040\131\047\213\355\212\000\152\041\127\213\171\273\176\277\122\006\147\220}{section.2.4}% 17
\BOOKMARK [2][-]{subsection.2.4.2}{\376\377\0002\000.\0004\000.\0002\000\040\135\345\121\167\130\236\137\072\166\204\123\125\146\172\200\375\117\123}{section.2.4}% 18
\BOOKMARK [2][-]{subsection.2.4.3}{\376\377\0002\000.\0004\000.\0003\000\040\131\032\146\172\200\375\117\123\123\117\124\014\213\312\145\255}{section.2.4}% 19
\BOOKMARK [2][-]{subsection.2.4.4}{\376\377\0002\000.\0004\000.\0004\000\040\167\345\213\306\130\236\137\072\166\204\131\032\146\172\200\375\117\123\123\117\124\014\213\312\145\255}{section.2.4}% 20
\BOOKMARK [1][-]{section.2.5}{\376\377\0002\000.\0005\000\040\147\054\172\340\134\017\176\323}{chapter.2}% 21
\BOOKMARK [0][-]{chapter.3}{\376\377\173\054\0003\172\340\000\040\000\040\176\317\232\214\232\161\122\250\166\204\137\256\147\015\122\241\145\105\226\234\150\071\126\340\133\232\117\115\146\172\200\375\117\123\147\204\136\372\145\271\154\325}{}% 22
\BOOKMARK [1][-]{section.3.1}{\376\377\0003\000.\0001\000\040\225\356\230\230\122\006\147\220}{chapter.3}% 23
\BOOKMARK [1][-]{section.3.2}{\376\377\0003\000.\0002\000\040\117\040\144\255\141\037\167\345\166\204\131\032\152\041\140\001\145\105\226\234\143\007\176\271\147\204\136\372\145\271\154\325}{chapter.3}% 24
\BOOKMARK [2][-]{subsection.3.2.1}{\376\377\0003\000.\0002\000.\0001\000\040\145\105\226\234\143\007\176\271\147\204\136\372\145\271\154\325\166\204\213\276\213\241}{section.3.2}% 25
\BOOKMARK [2][-]{subsection.3.2.2}{\376\377\0003\000.\0002\000.\0002\000\040\143\007\150\007\060\001\145\345\137\327\124\214\214\003\165\050\224\376\215\357\166\204\176\337\116\000\210\150\171\072}{section.3.2}% 26
\BOOKMARK [2][-]{subsection.3.2.3}{\376\377\0003\000.\0002\000.\0003\000\040\227\142\124\021\117\040\144\255\162\171\137\201\166\204\131\032\152\041\140\001\162\171\137\201\143\320\123\326}{section.3.2}% 27
\BOOKMARK [2][-]{subsection.3.2.4}{\376\377\0003\000.\0002\000.\0004\000\040\127\372\116\216\162\171\137\201\173\133\220\011\166\204\145\105\226\234\143\007\176\271\165\037\142\020\145\271\154\325}{section.3.2}% 28
\BOOKMARK [1][-]{section.3.3}{\376\377\0003\000.\0003\000\040\227\142\124\021\137\256\147\015\122\241\145\105\226\234\213\312\145\255\166\204\000S\000O\000P\201\352\122\250\123\026\147\204\136\372\145\271\154\325}{chapter.3}% 29
\BOOKMARK [2][-]{subsection.3.3.1}{\376\377\0003\000.\0003\000.\0001\000\040\000S\000O\000P\147\204\136\372\225\356\230\230\122\006\147\220\116\016\145\271\154\325\213\276\213\241}{section.3.3}% 30
\BOOKMARK [2][-]{subsection.3.3.2}{\376\377\0003\000.\0003\000.\0002\000\040\145\105\226\234\174\173\127\213\121\110\232\214\166\204\000S\000O\000P\142\147\210\114\217\150\217\371\165\037\142\020}{section.3.3}% 31
\BOOKMARK [2][-]{subsection.3.3.3}{\376\377\0003\000.\0003\000.\0003\000\040\121\263\173\126\123\125\121\103\143\320\123\326\116\016\147\103\221\315\213\241\173\227}{section.3.3}% 32
\BOOKMARK [2][-]{subsection.3.3.4}{\376\377\0003\000.\0003\000.\0004\000\040\211\304\122\031\146\172\200\375\117\123\166\204\000S\000O\000P\176\304\176\307\145\271\154\325}{section.3.3}% 33
\BOOKMARK [1][-]{section.3.4}{\376\377\0003\000.\0004\000\040\000S\000O\000P\232\161\122\250\166\204\131\032\146\172\200\375\117\123\127\050\176\277\145\105\226\234\213\312\145\255\145\271\154\325}{chapter.3}% 34
\BOOKMARK [2][-]{subsection.3.4.1}{\376\377\0003\000.\0004\000.\0001\000\040\145\105\226\234\143\007\176\271\123\071\221\115\116\016\000\040\000S\000O\000P\000\040\123\354\126\336}{section.3.4}% 35
\BOOKMARK [2][-]{subsection.3.4.2}{\376\377\0003\000.\0004\000.\0002\000\040\161\046\160\271\116\016\141\037\167\345\127\337\176\246\147\137}{section.3.4}% 36
\BOOKMARK [2][-]{subsection.3.4.3}{\376\377\0003\000.\0004\000.\0003\000\040\000S\000O\000P\000\040\232\161\122\250\166\204\131\032\146\172\200\375\117\123\127\050\176\277\213\312\145\255\155\101\172\013}{section.3.4}% 37
\BOOKMARK [2][-]{subsection.3.4.4}{\376\377\0003\000.\0004\000.\0004\000\040\127\050\176\277\213\312\145\255\176\323\147\234\133\241\150\070\116\016\167\345\213\306\136\223\130\236\221\317\146\364\145\260}{section.3.4}% 38
\BOOKMARK [1][-]{section.3.5}{\376\377\0003\000.\0005\000\040\147\054\172\340\134\017\176\323}{chapter.3}% 39
\BOOKMARK [0][-]{chapter.4}{\376\377\173\054\0004\172\340\000\040\000\040\145\105\226\234\213\312\145\255\146\172\200\375\117\123\136\163\123\360\213\276\213\241\116\016\133\236\163\260}{}% 40
\BOOKMARK [1][-]{section.4.1}{\376\377\0004\000.\0001\000\040\174\373\176\337\147\266\147\204}{chapter.4}% 41
\BOOKMARK [1][-]{section.4.2}{\376\377\0004\000.\0002\000\040\174\373\176\337\133\236\163\260}{chapter.4}% 42
\BOOKMARK [2][-]{subsection.4.2.1}{\376\377\0004\000.\0002\000.\0001\000\040\145\105\226\234\143\007\176\271\147\204\136\372\145\271\154\325\166\204\133\236\163\260}{section.4.2}% 43
\BOOKMARK [2][-]{subsection.4.2.2}{\376\377\0004\000.\0002\000.\0002\000\040\000S\000O\000P\201\352\122\250\123\026\147\204\136\372\145\271\154\325\166\204\133\236\163\260}{section.4.2}% 44
\BOOKMARK [2][-]{subsection.4.2.3}{\376\377\0004\000.\0002\000.\0003\000\040\127\050\176\277\145\105\226\234\213\312\145\255\145\271\154\325\166\204\133\236\163\260}{section.4.2}% 45
\BOOKMARK [1][-]{section.4.3}{\376\377\0004\000.\0003\000\040\116\373\122\241\142\147\210\114\116\016\145\160\143\156\173\241\164\006}{chapter.4}% 46
\BOOKMARK [1][-]{section.4.4}{\376\377\0004\000.\0004\000\040\136\163\123\360\165\114\227\142}{chapter.4}% 47
\BOOKMARK [2][-]{subsection.4.4.1}{\376\377\0004\000.\0004\000.\0001\000\040\213\312\145\255\142\147\210\114\165\114\227\142}{section.4.4}% 48
\BOOKMARK [2][-]{subsection.4.4.2}{\376\377\0004\000.\0004\000.\0002\000\040\135\345\117\134\123\072\165\114\227\142}{section.4.4}% 49
\BOOKMARK [2][-]{subsection.4.4.3}{\376\377\0004\000.\0004\000.\0003\000\040\145\105\226\234\143\007\176\271\165\114\227\142}{section.4.4}% 50
\BOOKMARK [1][-]{section.4.5}{\376\377\0004\000.\0005\000\040\147\054\172\340\134\017\176\323}{chapter.4}% 51
\BOOKMARK [0][-]{chapter.5}{\376\377\173\054\0005\172\340\000\040\000\040\133\236\232\214\232\214\213\301\116\016\122\006\147\220}{}% 52
\BOOKMARK [1][-]{section.5.1}{\376\377\0005\000.\0001\000\040\133\236\232\214\166\356\166\204}{chapter.5}% 53
\BOOKMARK [1][-]{section.5.2}{\376\377\0005\000.\0002\000\040\133\236\232\214\213\276\177\156}{chapter.5}% 54
\BOOKMARK [1][-]{section.5.3}{\376\377\0005\000.\0003\000\040\145\105\226\234\143\007\176\271\150\300\175\042\140\047\200\375\213\304\117\060}{chapter.5}% 55
\BOOKMARK [1][-]{section.5.4}{\376\377\0005\000.\0004\000\040\000S\000O\000P\000\040\201\352\122\250\123\026\147\204\136\372\147\011\145\110\140\047\213\304\117\060}{chapter.5}% 56
\BOOKMARK [1][-]{section.5.5}{\376\377\0005\000.\0005\000\040\172\357\122\060\172\357\213\312\145\255\140\047\200\375\213\304\117\060}{chapter.5}% 57
\BOOKMARK [1][-]{section.5.6}{\376\377\0005\000.\0006\000\040\155\210\207\215\133\236\232\214}{chapter.5}% 58
\BOOKMARK [1][-]{section.5.7}{\376\377\0005\000.\0007\000\040\147\054\172\340\134\017\176\323}{chapter.5}% 59
\BOOKMARK [0][-]{chapter.6}{\376\377\173\054\0006\172\340\000\040\000\040\140\073\176\323\116\016\134\125\147\033}{}% 60
\BOOKMARK [1][-]{section.6.1}{\376\377\0006\000.\0001\000\040\135\345\117\134\140\073\176\323}{chapter.6}% 61
\BOOKMARK [1][-]{section.6.2}{\376\377\0006\000.\0002\000\040\147\052\147\145\134\125\147\033}{chapter.6}% 62
\BOOKMARK [0][-]{section*.62}{\376\377\123\302\200\003\145\207\163\056}{}% 63
\BOOKMARK [0][-]{chapter*.64}{\376\377\201\364\214\042}{}% 64
\BOOKMARK [0][-]{chapter*.65}{\376\377\117\134\200\005\173\200\123\206\123\312\145\073\213\373\133\146\117\115\147\037\225\364\123\321\210\150\166\204\133\146\147\057\213\272\145\207\116\016\121\166\116\326\166\370\121\163\133\146\147\057\142\020\147\234}{}% 65
